{
  "RSpec": {
    "coverage": {
      "/mnt/hgfs/Desktop/Ruby/team_project/CGroup2-api/specs/test_load_all.rb": [
        null,
        null,
        null,
        1,
        1,
        null,
        1,
        1,
        null,
        1,
        40,
        null
      ],
      "/mnt/hgfs/Desktop/Ruby/team_project/CGroup2-api/require_app.rb": [
        null,
        null,
        null,
        null,
        null,
        null,
        null,
        null,
        null,
        1,
        8,
        2,
        2,
        41,
        null,
        null,
        null
      ],
      "/mnt/hgfs/Desktop/Ruby/team_project/CGroup2-api/config/environments.rb": [
        null,
        null,
        1,
        1,
        1,
        null,
        1,
        null,
        1,
        1,
        null,
        1,
        1,
        1,
        null,
        1,
        null,
        1,
        0,
        null,
        null,
        null,
        1,
        1,
        null,
        null,
        1,
        null,
        null,
        null,
        1,
        1,
        1,
        null,
        1,
        2,
        null,
        null,
        1,
        1,
        null,
        null,
        null
      ],
      "/mnt/hgfs/Desktop/Ruby/team_project/CGroup2-api/app/lib/auth_token.rb": [
        null,
        null,
        1,
        1,
        null,
        null,
        null,
        null,
        null,
        1,
        1,
        null,
        1,
        1,
        1,
        1,
        1,
        null,
        1,
        1,
        null,
        null,
        1,
        17,
        17,
        null,
        null,
        null,
        1,
        16,
        15,
        null,
        null,
        null,
        1,
        17,
        null,
        17,
        17,
        17,
        null,
        null,
        null,
        1,
        16,
        null,
        16,
        15,
        15,
        null,
        1,
        null,
        null,
        1,
        17,
        null,
        null,
        1,
        15,
        null,
        0,
        null,
        null
      ],
      "/mnt/hgfs/Desktop/Ruby/team_project/CGroup2-api/app/lib/securable.rb": [
        null,
        null,
        1,
        1,
        null,
        null,
        1,
        null,
        1,
        0,
        0,
        null,
        null,
        null,
        1,
        2,
        null,
        null,
        1,
        201,
        null,
        null,
        null,
        1,
        149,
        149,
        null,
        null,
        null,
        1,
        52,
        52,
        null,
        null
      ],
      "/mnt/hgfs/Desktop/Ruby/team_project/CGroup2-api/app/lib/json_request_body.rb": [
        null,
        null,
        null,
        1,
        1,
        0,
        0,
        null,
        null,
        null
      ],
      "/mnt/hgfs/Desktop/Ruby/team_project/CGroup2-api/app/lib/key_stretch.rb": [
        null,
        null,
        1,
        1,
        null,
        null,
        1,
        1,
        93,
        null,
        null,
        null,
        null,
        1,
        116,
        116,
        116,
        116,
        null,
        null,
        null,
        null,
        null,
        null,
        null,
        null
      ],
      "/mnt/hgfs/Desktop/Ruby/team_project/CGroup2-api/app/lib/secure_db.rb": [
        null,
        null,
        1,
        null,
        null,
        1,
        1,
        null,
        null,
        1,
        132,
        null,
        132,
        132,
        null,
        null,
        null,
        1,
        37,
        null,
        37,
        37,
        null,
        null
      ],
      "/mnt/hgfs/Desktop/Ruby/team_project/CGroup2-api/app/lib/signed_request.rb": [
        null,
        null,
        1,
        1,
        null,
        null,
        1,
        1,
        null,
        1,
        13,
        13,
        null,
        null,
        1,
        0,
        0,
        null,
        0,
        null,
        null,
        null,
        1,
        7,
        7,
        null,
        null,
        null,
        1,
        6,
        null,
        6,
        null,
        6,
        null,
        null,
        1,
        null,
        1,
        7,
        6,
        6,
        null,
        1,
        null,
        null
      ],
      "/mnt/hgfs/Desktop/Ruby/team_project/CGroup2-api/app/models/account.rb": [
        null,
        null,
        1,
        1,
        1,
        null,
        1,
        null,
        1,
        1,
        1,
        null,
        null,
        null,
        1,
        1,
        null,
        null,
        null,
        null,
        1,
        1,
        1,
        null,
        1,
        0,
        null,
        null,
        1,
        1,
        null,
        null,
        1,
        90,
        null,
        null,
        1,
        21,
        21,
        null,
        null,
        null,
        1,
        25,
        null,
        null,
        null,
        null,
        null,
        null,
        null,
        null,
        null,
        null,
        null,
        null,
        null,
        null
      ],
      "/mnt/hgfs/Desktop/Ruby/team_project/CGroup2-api/app/models/password.rb": [
        null,
        null,
        1,
        1,
        null,
        1,
        null,
        1,
        1,
        null,
        1,
        116,
        116,
        null,
        null,
        1,
        23,
        23,
        null,
        null,
        1,
        93,
        null,
        null,
        null,
        null,
        1,
        null,
        1,
        93,
        93,
        93,
        null,
        null,
        1,
        23,
        23,
        23,
        23,
        null,
        null,
        null
      ],
      "/mnt/hgfs/Desktop/Ruby/team_project/CGroup2-api/app/models/calendar.rb": [
        null,
        null,
        1,
        1,
        null,
        1,
        null,
        1,
        1,
        null,
        1,
        1,
        1,
        null,
        null,
        1,
        6,
        null,
        null,
        1,
        31,
        null,
        null,
        1,
        6,
        null,
        null,
        1,
        29,
        null,
        null,
        null,
        1,
        3,
        null,
        null,
        null,
        null,
        null,
        null,
        null,
        null,
        null,
        null,
        null,
        null,
        null,
        null,
        null,
        null,
        null,
        null,
        null
      ],
      "/mnt/hgfs/Desktop/Ruby/team_project/CGroup2-api/app/models/group.rb": [
        null,
        null,
        1,
        1,
        null,
        1,
        null,
        1,
        1,
        null,
        1,
        null,
        null,
        null,
        null,
        1,
        null,
        null,
        1,
        1,
        1,
        null,
        null,
        1,
        16,
        null,
        null,
        1,
        36,
        null,
        null,
        1,
        9,
        null,
        null,
        1,
        36,
        null,
        null,
        null,
        1,
        null,
        6,
        null,
        null,
        null,
        null,
        null,
        null,
        null,
        null,
        null,
        null,
        null,
        null,
        null,
        1,
        1,
        null,
        null,
        null,
        null,
        null,
        null,
        null,
        1,
        5,
        null,
        null,
        null,
        null
      ],
      "/mnt/hgfs/Desktop/Ruby/team_project/CGroup2-api/app/policies/account_policy.rb": [
        null,
        null,
        null,
        1,
        1,
        2,
        2,
        null,
        null,
        1,
        2,
        null,
        null,
        1,
        0,
        null,
        null,
        1,
        0,
        null,
        null,
        1,
        null,
        0,
        null,
        null,
        null,
        null,
        null,
        1,
        null,
        1,
        2,
        null,
        null
      ],
      "/mnt/hgfs/Desktop/Ruby/team_project/CGroup2-api/app/policies/group_policy.rb": [
        null,
        null,
        1,
        null,
        1,
        1,
        51,
        51,
        null,
        null,
        1,
        1,
        null,
        null,
        1,
        1,
        null,
        null,
        1,
        1,
        null,
        null,
        1,
        1,
        null,
        null,
        1,
        7,
        null,
        null,
        1,
        1,
        null,
        null,
        1,
        1,
        null,
        null,
        1,
        5,
        null,
        null,
        1,
        16,
        null,
        null,
        1,
        null,
        1,
        null,
        null,
        null,
        null,
        null,
        null,
        null,
        null,
        null,
        null,
        null,
        1,
        null,
        1,
        32,
        null,
        null,
        1,
        15,
        null,
        null,
        1,
        13,
        null,
        null,
        null
      ],
      "/mnt/hgfs/Desktop/Ruby/team_project/CGroup2-api/app/policies/group_scopes.rb": [
        null,
        null,
        1,
        null,
        1,
        null,
        1,
        1,
        1,
        1,
        1,
        1,
        null,
        null,
        1,
        1,
        1,
        null,
        0,
        0,
        null,
        null,
        null,
        null,
        1,
        null,
        1,
        1,
        null,
        null,
        1,
        0,
        null,
        null,
        null,
        null
      ],
      "/mnt/hgfs/Desktop/Ruby/team_project/CGroup2-api/app/policies/member_request_policy.rb": [
        null,
        null,
        1,
        null,
        1,
        1,
        22,
        22,
        22,
        22,
        22,
        null,
        null,
        1,
        15,
        null,
        null,
        1,
        4,
        null,
        null,
        1,
        3,
        null,
        null,
        1,
        null,
        1,
        6,
        null,
        null,
        null
      ],
      "/mnt/hgfs/Desktop/Ruby/team_project/CGroup2-api/app/policies/owner_request_policy.rb": [
        null,
        null,
        1,
        null,
        1,
        1,
        6,
        6,
        6,
        null,
        null,
        1,
        6,
        null,
        null,
        null
      ],
      "/mnt/hgfs/Desktop/Ruby/team_project/CGroup2-api/app/services/add_member.rb": [
        null,
        null,
        1,
        null,
        1,
        null,
        1,
        1,
        1,
        null,
        null,
        null,
        1,
        15,
        15,
        15,
        null,
        13,
        13,
        null,
        null,
        null
      ],
      "/mnt/hgfs/Desktop/Ruby/team_project/CGroup2-api/app/services/authenticate_account.rb": [
        null,
        null,
        1,
        null,
        1,
        null,
        1,
        1,
        5,
        null,
        null,
        1,
        1,
        null,
        null,
        null,
        1,
        20,
        20,
        2,
        null,
        null,
        17,
        null,
        3,
        null,
        null,
        1,
        null,
        17,
        null,
        null,
        null,
        null,
        null,
        null,
        null,
        null,
        null
      ],
      "/mnt/hgfs/Desktop/Ruby/team_project/CGroup2-api/app/services/authorize_sso.rb": [
        null,
        null,
        1,
        1,
        1,
        1,
        1,
        1,
        1,
        null,
        1,
        1,
        1,
        null,
        1,
        1,
        null,
        1,
        null,
        1,
        1,
        0,
        0,
        null,
        null,
        1,
        0,
        0,
        null,
        null,
        1,
        null,
        0,
        null,
        0,
        null,
        0,
        null,
        0,
        null,
        0,
        null,
        null,
        null,
        null,
        0,
        0,
        0,
        0,
        0,
        0,
        0,
        null,
        null,
        null,
        1,
        0,
        null,
        0,
        0,
        0,
        0,
        null,
        0,
        0,
        0,
        0,
        null,
        0,
        null,
        null,
        null,
        1,
        0,
        0,
        null,
        0,
        null,
        null,
        0,
        null,
        null,
        null,
        null,
        null,
        null,
        1,
        0,
        0,
        null,
        0,
        null,
        null,
        null
      ],
      "/mnt/hgfs/Desktop/Ruby/team_project/CGroup2-api/app/services/create_calendar_for_owner.rb": [
        null,
        null,
        1,
        null,
        1,
        1,
        0,
        null,
        null,
        null,
        null
      ],
      "/mnt/hgfs/Desktop/Ruby/team_project/CGroup2-api/app/services/create_group_for_owner.rb": [
        null,
        null,
        1,
        null,
        1,
        1,
        17,
        null,
        null,
        null,
        null
      ],
      "/mnt/hgfs/Desktop/Ruby/team_project/CGroup2-api/app/services/delete_group.rb": [
        null,
        null,
        1,
        null,
        1,
        null,
        1,
        1,
        1,
        null,
        null,
        null,
        1,
        6,
        6,
        null,
        6,
        6,
        null,
        3,
        1,
        null,
        null,
        3,
        null,
        null,
        null,
        null
      ],
      "/mnt/hgfs/Desktop/Ruby/team_project/CGroup2-api/app/services/get_account_query.rb": [
        null,
        null,
        1,
        null,
        1,
        1,
        1,
        1,
        null,
        null,
        null,
        1,
        2,
        null,
        2,
        2,
        null,
        null,
        null,
        null
      ],
      "/mnt/hgfs/Desktop/Ruby/team_project/CGroup2-api/app/services/get_group_query.rb": [
        null,
        null,
        1,
        null,
        1,
        null,
        1,
        1,
        2,
        null,
        null,
        null,
        1,
        3,
        1,
        null,
        1,
        null,
        null,
        null
      ],
      "/mnt/hgfs/Desktop/Ruby/team_project/CGroup2-api/app/services/leave_group.rb": [
        null,
        null,
        1,
        null,
        1,
        null,
        1,
        1,
        0,
        null,
        null,
        null,
        1,
        3,
        3,
        3,
        null,
        3,
        3,
        null,
        1,
        1,
        null,
        null,
        null,
        null
      ],
      "/mnt/hgfs/Desktop/Ruby/team_project/CGroup2-api/app/services/remove_member.rb": [
        null,
        null,
        1,
        null,
        1,
        null,
        1,
        1,
        1,
        null,
        null,
        null,
        1,
        4,
        4,
        4,
        null,
        4,
        4,
        null,
        2,
        2,
        null,
        null,
        null
      ],
      "/mnt/hgfs/Desktop/Ruby/team_project/CGroup2-api/app/services/time_matching.rb": [
        null,
        null,
        1,
        null,
        1,
        1,
        7,
        7,
        null,
        7,
        null,
        7,
        null,
        7,
        null,
        7,
        19,
        7,
        7,
        7,
        null,
        12,
        12,
        12,
        12,
        null,
        12,
        18,
        null,
        17,
        2,
        2,
        2,
        null,
        15,
        8,
        8,
        8,
        null,
        7,
        1,
        1,
        null,
        null,
        1,
        1,
        1,
        1,
        null,
        18,
        null,
        null,
        12,
        12,
        null,
        12,
        35,
        null,
        26,
        9,
        null,
        9,
        null,
        9,
        5,
        5,
        null,
        null,
        9,
        9,
        null,
        null,
        17,
        0,
        null,
        0,
        0,
        0,
        null,
        0,
        null,
        17,
        0,
        null,
        null,
        9,
        2,
        null,
        2,
        null,
        2,
        2,
        2,
        null,
        null,
        2,
        2,
        null,
        35,
        null,
        null,
        null,
        null,
        7,
        5,
        5,
        9,
        9,
        9,
        9,
        null,
        9,
        30,
        null,
        29,
        5,
        5,
        5,
        null,
        24,
        1,
        1,
        1,
        null,
        23,
        2,
        2,
        null,
        null,
        1,
        1,
        1,
        1,
        null,
        30,
        null,
        null,
        9,
        9,
        null,
        9,
        47,
        null,
        44,
        6,
        null,
        6,
        null,
        6,
        1,
        1,
        null,
        null,
        6,
        6,
        null,
        null,
        38,
        0,
        null,
        0,
        0,
        0,
        null,
        0,
        null,
        38,
        0,
        null,
        null,
        3,
        2,
        null,
        2,
        null,
        2,
        5,
        5,
        null,
        null,
        2,
        2,
        null,
        47,
        null,
        null,
        null,
        null,
        7,
        null,
        7,
        5,
        37,
        35,
        null,
        null,
        2,
        2,
        2,
        14,
        12,
        null,
        null,
        null,
        null,
        7,
        51,
        30,
        null,
        null,
        null,
        7,
        null,
        24,
        null,
        7,
        null,
        null,
        1,
        17,
        17,
        17,
        17,
        null,
        17,
        null,
        null,
        null,
        null
      ],
      "/mnt/hgfs/Desktop/Ruby/team_project/CGroup2-api/app/services/verify_resgistration.rb": [
        null,
        null,
        1,
        null,
        1,
        null,
        1,
        null,
        1,
        null,
        1,
        null,
        1,
        2,
        2,
        null,
        null,
        1,
        2,
        1,
        null,
        1,
        null,
        null,
        1,
        2,
        null,
        null,
        1,
        1,
        null,
        null,
        1,
        1,
        null,
        1,
        null,
        null,
        null,
        null,
        null,
        null,
        null,
        1,
        1,
        null,
        null,
        null,
        null,
        null,
        null,
        null,
        null,
        null,
        null,
        null,
        null,
        null,
        null,
        null,
        null,
        0,
        0,
        null,
        null,
        null,
        null,
        null
      ],
      "/mnt/hgfs/Desktop/Ruby/team_project/CGroup2-api/app/controllers/accounts.rb": [
        null,
        null,
        1,
        1,
        null,
        1,
        null,
        1,
        null,
        1,
        5,
        null,
        5,
        null,
        2,
        2,
        null,
        null,
        1,
        null,
        1,
        null,
        0,
        0,
        null,
        null,
        null,
        null,
        3,
        3,
        2,
        1,
        null,
        1,
        1,
        1,
        null,
        1,
        null,
        1,
        null,
        0,
        0,
        null,
        null,
        null,
        null,
        null
      ],
      "/mnt/hgfs/Desktop/Ruby/team_project/CGroup2-api/app/controllers/app.rb": [
        null,
        null,
        1,
        1,
        null,
        1,
        null,
        1,
        null,
        1,
        1,
        1,
        1,
        1,
        1,
        null,
        1,
        30,
        30,
        null,
        null,
        null,
        30,
        null,
        1,
        null,
        null,
        29,
        1,
        null,
        null,
        28,
        28,
        28,
        28,
        null,
        null,
        null,
        null,
        null
      ],
      "/mnt/hgfs/Desktop/Ruby/team_project/CGroup2-api/app/controllers/helpers.rb": [
        null,
        null,
        1,
        null,
        1,
        1,
        30,
        null,
        null,
        1,
        30,
        null,
        16,
        16,
        null,
        16,
        15,
        null,
        null,
        null
      ],
      "/mnt/hgfs/Desktop/Ruby/team_project/CGroup2-api/app/controllers/auth.rb": [
        null,
        null,
        1,
        1,
        null,
        1,
        null,
        1,
        1,
        null,
        null,
        4,
        null,
        0,
        null,
        null,
        4,
        null,
        2,
        2,
        null,
        1,
        1,
        null,
        1,
        null,
        0,
        0,
        0,
        null,
        null,
        null,
        2,
        null,
        2,
        2,
        1,
        null,
        1,
        1,
        null,
        null,
        null,
        null,
        null
      ],
      "/mnt/hgfs/Desktop/Ruby/team_project/CGroup2-api/app/controllers/calendar_events.rb": [
        null,
        null,
        1,
        1,
        null,
        null,
        1,
        null,
        1,
        1,
        4,
        null,
        4,
        null,
        3,
        3,
        3,
        null,
        2,
        null,
        null,
        null,
        null,
        1,
        1,
        1,
        null,
        0,
        0,
        null,
        null,
        null,
        0,
        0,
        0,
        null,
        0,
        0,
        0,
        null,
        0,
        null,
        0,
        0,
        null,
        null,
        null,
        null,
        null
      ],
      "/mnt/hgfs/Desktop/Ruby/team_project/CGroup2-api/app/controllers/group_events.rb": [
        null,
        null,
        1,
        null,
        null,
        1,
        null,
        1,
        1,
        15,
        15,
        null,
        13,
        13,
        10,
        null,
        null,
        10,
        4,
        1,
        null,
        3,
        null,
        null,
        1,
        null,
        2,
        1,
        null,
        1,
        null,
        2,
        null,
        2,
        null,
        0,
        0,
        null,
        null,
        6,
        null,
        4,
        2,
        null,
        2,
        null,
        null,
        null,
        null,
        null,
        1,
        null,
        1,
        null,
        0,
        null,
        null,
        null,
        2,
        2,
        2,
        null,
        null,
        2,
        null,
        null,
        null,
        null,
        null,
        2,
        2,
        null,
        null,
        null,
        null,
        null,
        1,
        null,
        null,
        1,
        null,
        0,
        null,
        null,
        null,
        null,
        2,
        2,
        null,
        null,
        null,
        null,
        1,
        null,
        1,
        null,
        0,
        null,
        null,
        null,
        3,
        null,
        3,
        1,
        null,
        1,
        null,
        0,
        null,
        null,
        null,
        2,
        2,
        2,
        null,
        1,
        1,
        1,
        null,
        1,
        null,
        0,
        null,
        null,
        null,
        null,
        null,
        null
      ],
      "/mnt/hgfs/Desktop/Ruby/team_project/CGroup2-api/specs/intergration/api_auth_spec.rb": [
        null,
        null,
        1,
        1,
        null,
        1,
        1,
        null,
        1,
        4,
        4,
        null,
        null,
        1,
        1,
        2,
        2,
        null,
        null,
        1,
        1,
        null,
        1,
        null,
        null,
        null,
        1,
        1,
        1,
        1,
        1,
        null,
        null,
        1,
        1,
        null,
        null,
        1,
        1,
        null,
        null,
        null,
        null,
        1,
        null,
        1,
        1,
        1,
        null,
        null,
        null,
        1,
        1,
        2,
        null,
        2,
        2,
        null,
        null,
        null,
        null,
        null,
        1,
        2,
        null,
        null,
        1,
        1,
        null,
        null,
        null,
        1,
        null,
        null,
        null,
        1,
        null,
        null,
        1,
        1,
        1,
        null,
        null,
        null,
        1,
        null,
        null,
        null,
        1,
        null,
        null,
        null
      ],
      "/mnt/hgfs/Desktop/Ruby/team_project/CGroup2-api/specs/intergration/api_calendars_spec.rb": [
        null,
        null,
        1,
        null,
        1,
        1,
        null,
        1,
        5,
        null,
        5,
        5,
        null,
        null,
        1,
        1,
        1,
        2,
        2,
        null,
        null,
        1,
        1,
        null,
        null,
        null,
        null,
        1,
        1,
        null,
        1,
        null,
        1,
        1,
        null,
        null,
        1,
        1,
        1,
        null,
        1,
        null,
        1,
        1,
        null,
        null,
        null,
        1,
        1,
        1,
        1,
        null,
        1,
        1,
        null,
        1,
        1,
        1,
        null,
        null,
        1,
        1,
        null,
        1,
        null,
        null,
        1,
        1,
        1,
        1,
        null,
        null,
        1,
        1,
        null,
        null,
        null,
        1,
        1,
        0,
        0,
        null,
        null,
        null,
        null,
        null,
        null,
        null,
        null,
        null,
        null,
        null,
        null,
        null,
        null,
        null,
        null,
        null,
        null,
        null,
        null,
        null,
        null,
        null,
        null,
        null,
        null,
        null,
        null
      ],
      "/mnt/hgfs/Desktop/Ruby/team_project/CGroup2-api/specs/intergration/api_groups_spec.rb": [
        null,
        null,
        1,
        null,
        1,
        1,
        null,
        1,
        15,
        null,
        15,
        15,
        null,
        15,
        15,
        null,
        15,
        null,
        null,
        1,
        1,
        1,
        2,
        2,
        null,
        null,
        1,
        1,
        1,
        null,
        1,
        null,
        1,
        1,
        null,
        null,
        1,
        1,
        1,
        null,
        1,
        1,
        null,
        null,
        null,
        1,
        1,
        null,
        1,
        null,
        1,
        1,
        null,
        1,
        null,
        1,
        1,
        1,
        null,
        null,
        1,
        1,
        1,
        null,
        1,
        1,
        1,
        null,
        1,
        1,
        1,
        null,
        null,
        1,
        1,
        1,
        null,
        1,
        null,
        null,
        1,
        1,
        1,
        null,
        1,
        1,
        null,
        null,
        1,
        1,
        null,
        null,
        null,
        1,
        1,
        3,
        null,
        null,
        1,
        1,
        1,
        null,
        1,
        1,
        null,
        1,
        null,
        1,
        null,
        1,
        1,
        1,
        null,
        null,
        1,
        1,
        null,
        1,
        null,
        1,
        1,
        1,
        null,
        null,
        1,
        1,
        1,
        null,
        1,
        1,
        null,
        1,
        1,
        null,
        null,
        null,
        1,
        1,
        2,
        2,
        null,
        null,
        1,
        1,
        1,
        null,
        1,
        1,
        null,
        null,
        1,
        1,
        1,
        null,
        1,
        null,
        null,
        null,
        1,
        1,
        2,
        2,
        null,
        null,
        1,
        1,
        1,
        null,
        null,
        1,
        null,
        1,
        1,
        null,
        null,
        1,
        1,
        null,
        1,
        1,
        null,
        null,
        1,
        null,
        null,
        null,
        1,
        1,
        2,
        2,
        null,
        null,
        1,
        1,
        null,
        1,
        1,
        null,
        null,
        1,
        1,
        null,
        1,
        1,
        null,
        null,
        1,
        null,
        1,
        1,
        null,
        null,
        1,
        null,
        null,
        null
      ],
      "/mnt/hgfs/Desktop/Ruby/team_project/CGroup2-api/specs/intergration/api_spec.rb": [
        null,
        null,
        1,
        null,
        1,
        1,
        1,
        1,
        1,
        null,
        null,
        null
      ],
      "/mnt/hgfs/Desktop/Ruby/team_project/CGroup2-api/specs/intergration/service_add_member_spec.rb": [
        null,
        null,
        1,
        null,
        1,
        1,
        2,
        null,
        2,
        4,
        null,
        null,
        2,
        null,
        2,
        2,
        2,
        null,
        null,
        null,
        null,
        1,
        1,
        null,
        null,
        null,
        null,
        null,
        1,
        1,
        null,
        null,
        1,
        1,
        1,
        null,
        null,
        null,
        null,
        null,
        null,
        null
      ],
      "/mnt/hgfs/Desktop/Ruby/team_project/CGroup2-api/specs/intergration/service_authenticate_account_spec.rb": [
        null,
        null,
        1,
        null,
        1,
        1,
        3,
        null,
        3,
        6,
        null,
        null,
        null,
        1,
        1,
        1,
        null,
        null,
        1,
        null,
        null,
        1,
        1,
        1,
        1,
        null,
        null,
        null,
        null,
        null,
        1,
        1,
        1,
        null,
        null,
        null,
        null,
        null
      ],
      "/mnt/hgfs/Desktop/Ruby/team_project/CGroup2-api/specs/intergration/service_delete_group_spec.rb": [
        null,
        null,
        1,
        null,
        1,
        1,
        4,
        null,
        4,
        8,
        null,
        null,
        4,
        null,
        4,
        4,
        4,
        null,
        null,
        null,
        null,
        1,
        1,
        null,
        null,
        null,
        null,
        1,
        1,
        1,
        null,
        null,
        1,
        1,
        null,
        null,
        null,
        1,
        null,
        null,
        null,
        null,
        1,
        1,
        1,
        1,
        1,
        null,
        null,
        1,
        1,
        null,
        null,
        1,
        1,
        null,
        null,
        null,
        null,
        null,
        null,
        1,
        1,
        1,
        null,
        null,
        null,
        null,
        null,
        null,
        null,
        null,
        null,
        null
      ],
      "/mnt/hgfs/Desktop/Ruby/team_project/CGroup2-api/specs/intergration/service_leave_group_spec.rb": [
        null,
        null,
        1,
        null,
        1,
        1,
        3,
        null,
        3,
        6,
        null,
        null,
        3,
        null,
        3,
        3,
        3,
        null,
        null,
        null,
        null,
        1,
        1,
        null,
        null,
        1,
        null,
        null,
        null,
        null,
        null,
        1,
        1,
        1,
        null,
        null,
        1,
        1,
        null,
        null,
        1,
        1,
        null,
        null,
        null,
        null,
        null,
        null,
        null,
        1,
        1,
        1,
        null,
        null,
        null,
        null,
        null,
        null,
        null,
        null,
        null,
        null,
        null
      ],
      "/mnt/hgfs/Desktop/Ruby/team_project/CGroup2-api/specs/intergration/service_remove_member_spec.rb": [
        null,
        null,
        1,
        null,
        1,
        1,
        2,
        null,
        2,
        4,
        null,
        null,
        2,
        null,
        2,
        2,
        2,
        null,
        null,
        2,
        null,
        null,
        null,
        null,
        null,
        null,
        1,
        1,
        null,
        null,
        null,
        null,
        null,
        1,
        null,
        null,
        1,
        1,
        1,
        null,
        null,
        null,
        null,
        null,
        null,
        null
      ],
      "/mnt/hgfs/Desktop/Ruby/team_project/CGroup2-api/specs/intergration/service_time_matching_spec.rb": [
        null,
        null,
        1,
        null,
        1,
        1,
        6,
        null,
        6,
        6,
        6,
        null,
        6,
        6,
        6,
        6,
        null,
        null,
        1,
        1,
        1,
        1,
        null,
        1,
        null,
        null,
        1,
        null,
        null,
        null,
        1,
        null,
        null,
        1,
        1,
        1,
        1,
        1,
        1,
        null,
        null,
        1,
        null,
        null,
        null,
        1,
        null,
        null,
        1,
        1,
        null,
        null,
        1,
        null,
        null,
        null,
        1,
        null,
        null,
        1,
        1,
        null,
        1,
        null,
        null,
        1,
        null,
        null,
        null,
        1,
        null,
        null,
        1,
        1,
        1,
        null,
        null,
        1,
        null,
        null,
        null,
        1,
        null,
        null,
        1,
        1,
        1,
        null,
        null,
        null,
        1,
        null,
        null
      ],
      "/mnt/hgfs/Desktop/Ruby/team_project/CGroup2-api/specs/unit/calendars_spec.rb": [
        null,
        null,
        1,
        null,
        1,
        1,
        null,
        1,
        2,
        null,
        2,
        4,
        null,
        null,
        null,
        1,
        1,
        1,
        1,
        null,
        1,
        1,
        1,
        1,
        1,
        null,
        null,
        1,
        1,
        1,
        1,
        1,
        null,
        1,
        1,
        null,
        null
      ],
      "/mnt/hgfs/Desktop/Ruby/team_project/CGroup2-api/specs/unit/groups_spec.rb": [
        null,
        null,
        1,
        null,
        1,
        1,
        null,
        1,
        2,
        null,
        2,
        4,
        null,
        null,
        null,
        1,
        1,
        1,
        1,
        null,
        1,
        1,
        1,
        1,
        1,
        null,
        null,
        1,
        1,
        1,
        1,
        1,
        null,
        1,
        1,
        null,
        null
      ],
      "/mnt/hgfs/Desktop/Ruby/team_project/CGroup2-api/specs/unit/passwords_spec.rb": [
        null,
        null,
        1,
        null,
        1,
        1,
        1,
        1,
        null,
        1,
        null,
        null,
        1,
        1,
        1,
        null,
        1,
        1,
        null,
        null,
        1,
        1,
        1,
        1,
        null,
        1,
        1,
        null,
        null
      ]
    },
    "timestamp": 1561130178
  }
}
